----------------------------------------------------------------
Fri May 19 02:06:05 SCT 2023:
Booting Derby version The Apache Software Foundation - Apache Derby - 10.9.1.0 - (1344872): instance a816c00e-0188-30e6-159e-000003e23758 
on database directory memory:/Users/ekwong/IdeaProjects/dataimporthandler/tempDB  with class loader jdk.internal.loader.ClassLoaders$AppClassLoader@55054057 
Loaded from file:/Users/ekwong/.m2/repository/org/apache/derby/derby/10.9.1.0/derby-10.9.1.0.jar
java.vendor=Oracle Corporation
java.runtime.version=12.0.2+10
user.dir=/Users/ekwong/IdeaProjects/dataimporthandler
derby.system.home=null
Database Class Loader started - derby.database.classpath=''
----------------------------------------------------------------
Fri May 19 06:06:07 MYT 2023:
Booting Derby version The Apache Software Foundation - Apache Derby - 10.9.1.0 - (1344872): instance f55fc0a6-0188-30e6-159e-000003e23758 
on database directory memory:/Users/ekwong/IdeaProjects/dataimporthandler/derbyDB  with class loader jdk.internal.loader.ClassLoaders$AppClassLoader@55054057 
Loaded from file:/Users/ekwong/.m2/repository/org/apache/derby/derby/10.9.1.0/derby-10.9.1.0.jar
java.vendor=Oracle Corporation
java.runtime.version=12.0.2+10
user.dir=/Users/ekwong/IdeaProjects/dataimporthandler
derby.system.home=null
derby.stream.error.field=org.apache.solr.handler.dataimport.AbstractDIHJdbcTestCase$DerbyUtil.DEV_NULL
Database Class Loader started - derby.database.classpath=''
----------------------------------------------------------------
Fri May 19 06:06:08 MYT 2023:
Shutting down instance f55fc0a6-0188-30e6-159e-000003e23758 on database directory memory:/Users/ekwong/IdeaProjects/dataimporthandler/derbyDB with class loader jdk.internal.loader.ClassLoaders$AppClassLoader@55054057 
----------------------------------------------------------------
Fri May 19 06:06:08 MYT 2023: Shutting down Derby engine
----------------------------------------------------------------
Fri May 19 06:06:08 MYT 2023:
Shutting down instance a816c00e-0188-30e6-159e-000003e23758 on database directory memory:/Users/ekwong/IdeaProjects/dataimporthandler/tempDB with class loader jdk.internal.loader.ClassLoaders$AppClassLoader@55054057 
----------------------------------------------------------------
